[35m[1mScanning dependencies of target turtlesim_games_make_box[0m
[ 16%] [32mBuilding CXX object CMakeFiles/turtlesim_games_make_box.dir/src/make_box.cpp.o[0m
[01m[K/home/ros/catkin_ws/src/turtlesim_games/src/make_box.cpp:[m[K In function â€˜[01m[Kint main(int, char**)[m[Kâ€™:
[01m[K/home/ros/catkin_ws/src/turtlesim_games/src/make_box.cpp:45:19:[m[K [01;31m[Kerror: [m[Kâ€˜[01m[KoffsetX[m[Kâ€™ was not declared in this scope
   srv.request.x = offsetX -box_size/2;
[01;32m[K                   ^[m[K
[01m[K/home/ros/catkin_ws/src/turtlesim_games/src/make_box.cpp:46:19:[m[K [01;31m[Kerror: [m[Kâ€˜[01m[KoffsetY[m[Kâ€™ was not declared in this scope
   srv.request.y = offsetY-box_size/2;
[01;32m[K                   ^[m[K
CMakeFiles/turtlesim_games_make_box.dir/build.make:62: recipe for target 'CMakeFiles/turtlesim_games_make_box.dir/src/make_box.cpp.o' failed
CMakeFiles/Makefile2:67: recipe for target 'CMakeFiles/turtlesim_games_make_box.dir/all' failed
Makefile:138: recipe for target 'all' failed
make[2]: *** [CMakeFiles/turtlesim_games_make_box.dir/src/make_box.cpp.o] Error 1
make[1]: *** [CMakeFiles/turtlesim_games_make_box.dir/all] Error 2
make: *** [all] Error 2
